<?xml version="1.0" encoding="UTF-8"?>
<testsuite name="edu.sedgewick.algorithms.charapter_1.E_1_1_19_FibonacciTest" tests="1" skipped="0" failures="0" errors="0" timestamp="2025-01-10T22:56:47" hostname="stepan-ponomarev" time="0.607">
  <properties/>
  <testcase name="simplePerformanceTest()" classname="edu.sedgewick.algorithms.charapter_1.E_1_1_19_FibonacciTest" time="0.607"/>
  <system-out><![CDATA[597 _ 0
]]></system-out>
  <system-err><![CDATA[]]></system-err>
</testsuite>
